


ARM Macro Assembler    Page 1 


    1 00000000         ;FIRST ASSEMBLY PROGRAM
    2 00000000                 AREA             PROG1, CODE, READONLY
    3 00000000         ENTRY
    4 00000000 E3A07064        MOV              R7, #100    ; R7 := 0x64
    5 00000004 E3A080C8        MOV              R8, #200    ; R8 := 0xC8
    6 00000008 E0879008        ADD              R9, R7, R8  ; R9 := R7+R8
    7 0000000C         
    8 0000000C                 END
Command Line: --debug --xref --bi --apcs=interwork --depend=.\p1.d -o.\p1.o -IE
:\Keil\ARM\RV31\INC -IE:\Keil\ARM\CMSIS\Include --predefine="__EVAL SETA 1" --l
ist=.\p1.lst P1.asm



ARM Macro Assembler    Page 1 Alphabetic symbol ordering
Relocatable symbols

ENTRY 00000000

Symbol: ENTRY
   Definitions
      At line 3 in file P1.asm
   Uses
      None
Comment: ENTRY unused
PROG1 00000000

Symbol: PROG1
   Definitions
      At line 2 in file P1.asm
   Uses
      None
Comment: PROG1 unused
2 symbols
333 symbols in table
